<?xml version="1.0" encoding="UTF-8"?>
<!-- Generated by org.testng.reporters.JUnitReportReporter -->
<testsuite hostname="DESKTOP-HG6JJ5V" failures="0" tests="2" name="testpages.logainpage_test" time="31.408" errors="0" timestamp="8 Jul 2020 21:53:00 GMT">
  <testcase classname="testpages.logainpage_test" name="loginTest" time="18.733"/>
  <testcase classname="testpages.logainpage_test" name="logincontrolTest" time="12.675"/>
</testsuite> <!-- testpages.logainpage_test -->
