<?xml version="1.0" encoding="UTF-8"?>
<!-- Generated by org.testng.reporters.JUnitReportReporter -->
<testsuite hostname="DESKTOP-HG6JJ5V" failures="0" tests="2" name="testpages.indexpages_test" time="9.177" errors="0" timestamp="8 Jul 2020 21:51:27 GMT">
  <testcase classname="testpages.indexpages_test" name="close" time="9.139"/>
  <testcase classname="testpages.indexpages_test" name="HomePageTitleTest" time="0.038"/>
</testsuite> <!-- testpages.indexpages_test -->
